2019-09-05 09:37:41,838 - ONLYONE - INFO - 2019.09.04 星期三所谓自律，是以积极而主动的态度，去解决人生痛苦的重要原则，主要包括四个方面：推迟满足感、承担责任、尊重事实、保持平衡。
2019-09-05 09:38:25,272 - ONLYONE - INFO - 每日一句结果:[{'name': 'ONEWORD', 'value': '2019.09.04 星期三所谓自律，是以积极而主动的态度，去解决人生痛苦的重要原则，主要包括四个方面：推迟满足感、承担责任、尊重事实、保持平衡。'}]
2019-09-05 09:38:25,273 - ONLYONE - INFO - 2019.09.04 星期三所谓自律，是以积极而主动的态度，去解决人生痛苦的重要原则，主要包括四个方面：推迟满足感、承担责任、尊重事实、保持平衡。
2019-09-05 09:40:41,893 - ONLYONE - INFO - 每日一句结果:[{'name': 'ONEWORD', 'value': '2019.09.04 星期三所谓自律，是以积极而主动的态度，去解决人生痛苦的重要原则，主要包括四个方面：推迟满足感、承担责任、尊重事实、保持平衡。'}]
2019-09-05 09:40:41,901 - ONLYONE - INFO - 2019.09.04 星期三所谓自律，是以积极而主动的态度，去解决人生痛苦的重要原则，主要包括四个方面：推迟满足感、承担责任、尊重事实、保持平衡。
2019-09-05 09:40:41,902 - ONLYONE - INFO - 每日一句数据库日期:2019.09.04
2019-09-05 09:41:10,986 - ONLYONE - INFO - 每日一句结果:[{'name': 'ONEWORD', 'value': '2019.09.04 星期三所谓自律，是以积极而主动的态度，去解决人生痛苦的重要原则，主要包括四个方面：推迟满足感、承担责任、尊重事实、保持平衡。'}]
2019-09-05 09:41:10,987 - ONLYONE - INFO - 2019.09.04 星期三所谓自律，是以积极而主动的态度，去解决人生痛苦的重要原则，主要包括四个方面：推迟满足感、承担责任、尊重事实、保持平衡。
2019-09-05 09:41:10,987 - ONLYONE - INFO - 每日一句数据库日期:[2019.09.04]
2019-09-05 09:43:37,389 - ONLYONE - INFO - 每日一句结果:[{'name': 'ONEWORD', 'value': '2019.09.04 星期三所谓自律，是以积极而主动的态度，去解决人生痛苦的重要原则，主要包括四个方面：推迟满足感、承担责任、尊重事实、保持平衡。'}]
2019-09-05 09:43:37,389 - ONLYONE - INFO - 2019.09.04 星期三所谓自律，是以积极而主动的态度，去解决人生痛苦的重要原则，主要包括四个方面：推迟满足感、承担责任、尊重事实、保持平衡。
2019-09-05 09:43:37,389 - ONLYONE - INFO - 每日一句数据库日期:[2019.09.04]
2019-09-05 09:43:38,691 - ONLYONE - INFO - update session set value = '2019.09.05 星期四人生就像一盒巧克力，你永远不知道下一块会是什么味道。' where name = 'ONEWORD'
2019-09-05 09:44:01,980 - ONLYONE - INFO - 每日一句结果:[{'name': 'ONEWORD', 'value': '2019.09.05 星期四人生就像一盒巧克力，你永远不知道下一块会是什么味道。'}]
2019-09-05 09:44:01,981 - ONLYONE - INFO - 2019.09.05 星期四人生就像一盒巧克力，你永远不知道下一块会是什么味道。
2019-09-05 09:44:01,981 - ONLYONE - INFO - 每日一句数据库日期:[2019.09.05]
2019-09-05 09:44:03,531 - ONLYONE - INFO - update session set value = '2019.09.05 星期四人生就像一盒巧克力，你永远不知道下一块会是什么味道。' where name = 'ONEWORD'
2019-09-05 09:44:55,953 - ONLYONE - INFO - 每日一句结果:[{'name': 'ONEWORD', 'value': '2019.09.05 星期四人生就像一盒巧克力，你永远不知道下一块会是什么味道。'}]
2019-09-05 09:44:55,955 - ONLYONE - INFO - 2019.09.05 星期四人生就像一盒巧克力，你永远不知道下一块会是什么味道。
2019-09-05 09:44:55,955 - ONLYONE - INFO - 每日一句数据库日期:[2019.09.05]
2019-09-05 09:44:57,526 - ONLYONE - INFO - update session set value = '2019.09.05 星期四人生就像一盒巧克力，你永远不知道下一块会是什么味道。' where name = 'ONEWORD'
2019-09-05 09:45:18,597 - ONLYONE - INFO - 每日一句结果:[{'name': 'ONEWORD', 'value': '2019.09.05 星期四人生就像一盒巧克力，你永远不知道下一块会是什么味道。'}]
2019-09-05 09:45:18,598 - ONLYONE - INFO - 2019.09.05 星期四人生就像一盒巧克力，你永远不知道下一块会是什么味道。
2019-09-05 09:45:18,598 - ONLYONE - INFO - 每日一句数据库日期:[2019.09.05]
2019-09-05 09:45:20,127 - ONLYONE - INFO - update session set value = '2019.09.05 星期四人生就像一盒巧克力，你永远不知道下一块会是什么味道。' where name = 'ONEWORD'
